Determining if the pthread_create exist failed with the following output:
Change Dir: /home/zhenyu/lane_detection/build/CMakeFiles/CMakeTmp

Run Build Command:"/usr/bin/make" "cmTC_9ae80/fast"
/usr/bin/make -f CMakeFiles/cmTC_9ae80.dir/build.make CMakeFiles/cmTC_9ae80.dir/build
make[1]: Entering directory '/home/zhenyu/lane_detection/build/CMakeFiles/CMakeTmp'
Building C object CMakeFiles/cmTC_9ae80.dir/CheckSymbolExists.c.o
/usr/bin/cc     -o CMakeFiles/cmTC_9ae80.dir/CheckSymbolExists.c.o   -c /home/zhenyu/lane_detection/build/CMakeFiles/CMakeTmp/CheckSymbolExists.c
Linking C executable cmTC_9ae80
/usr/bin/cmake -E cmake_link_script CMakeFiles/cmTC_9ae80.dir/link.txt --verbose=1
/usr/bin/cc       CMakeFiles/cmTC_9ae80.dir/CheckSymbolExists.c.o  -o cmTC_9ae80 -rdynamic 
CMakeFiles/cmTC_9ae80.dir/CheckSymbolExists.c.o: In function `main':
CheckSymbolExists.c:(.text+0x16): undefined reference to `pthread_create'
collect2: error: ld returned 1 exit status
CMakeFiles/cmTC_9ae80.dir/build.make:97: recipe for target 'cmTC_9ae80' failed
make[1]: *** [cmTC_9ae80] Error 1
make[1]: Leaving directory '/home/zhenyu/lane_detection/build/CMakeFiles/CMakeTmp'
Makefile:126: recipe for target 'cmTC_9ae80/fast' failed
make: *** [cmTC_9ae80/fast] Error 2

File /home/zhenyu/lane_detection/build/CMakeFiles/CMakeTmp/CheckSymbolExists.c:
/* */
#include <pthread.h>

int main(int argc, char** argv)
{
  (void)argv;
#ifndef pthread_create
  return ((int*)(&pthread_create))[argc];
#else
  (void)argc;
  return 0;
#endif
}

Determining if the function pthread_create exists in the pthreads failed with the following output:
Change Dir: /home/zhenyu/lane_detection/build/CMakeFiles/CMakeTmp

Run Build Command:"/usr/bin/make" "cmTC_1172a/fast"
/usr/bin/make -f CMakeFiles/cmTC_1172a.dir/build.make CMakeFiles/cmTC_1172a.dir/build
make[1]: Entering directory '/home/zhenyu/lane_detection/build/CMakeFiles/CMakeTmp'
Building C object CMakeFiles/cmTC_1172a.dir/CheckFunctionExists.c.o
/usr/bin/cc    -DCHECK_FUNCTION_EXISTS=pthread_create   -o CMakeFiles/cmTC_1172a.dir/CheckFunctionExists.c.o   -c /usr/share/cmake-3.5/Modules/CheckFunctionExists.c
Linking C executable cmTC_1172a
/usr/bin/cmake -E cmake_link_script CMakeFiles/cmTC_1172a.dir/link.txt --verbose=1
/usr/bin/cc   -DCHECK_FUNCTION_EXISTS=pthread_create    CMakeFiles/cmTC_1172a.dir/CheckFunctionExists.c.o  -o cmTC_1172a -rdynamic -lpthreads 
/usr/bin/ld: cannot find -lpthreads
collect2: error: ld returned 1 exit status
CMakeFiles/cmTC_1172a.dir/build.make:97: recipe for target 'cmTC_1172a' failed
make[1]: *** [cmTC_1172a] Error 1
make[1]: Leaving directory '/home/zhenyu/lane_detection/build/CMakeFiles/CMakeTmp'
Makefile:126: recipe for target 'cmTC_1172a/fast' failed
make: *** [cmTC_1172a/fast] Error 2


